<?xml version="1.0" encoding="UTF-8"?>
<!-- Generated by org.testng.reporters.JUnitReportReporter -->
<testsuite hostname="PeterPC" failures="0" tests="4" name="com.nopCommerce2023.testCases.TC_LoginDDT_002" time="6.551" errors="0" timestamp="2023-04-30T18:32:41 EDT" skipped="0">
  <testcase classname="com.nopCommerce2023.testCases.TC_LoginDDT_002" name="loginTest" time="0.897"/>
  <system-out/>
  <testcase classname="com.nopCommerce2023.testCases.TC_LoginDDT_002" name="loginTest" time="0.856"/>
  <system-out/>
  <testcase classname="com.nopCommerce2023.testCases.TC_LoginDDT_002" name="loginTest" time="0.874"/>
  <system-out/>
  <testcase classname="com.nopCommerce2023.testCases.TC_LoginDDT_002" name="loginTest" time="3.924"/>
  <system-out/>
</testsuite> <!-- com.nopCommerce2023.testCases.TC_LoginDDT_002 -->
