<?xml version="1.0" encoding="UTF-8"?>
<!-- Generated by org.testng.reporters.JUnitReportReporter -->
<testsuite hostname="PeterPC" failures="0" tests="1" name="com.nopCommerce2023.testCases.TC_SearchCustomerByEmail_004" time="9.959" errors="0" timestamp="2023-04-30T21:10:25 EDT" skipped="0">
  <testcase classname="com.nopCommerce2023.testCases.TC_SearchCustomerByEmail_004" name="searchCustomerbyEmail" time="9.959"/>
  <system-out/>
</testsuite> <!-- com.nopCommerce2023.testCases.TC_SearchCustomerByEmail_004 -->
