<?xml version="1.0" encoding="UTF-8"?>
<!-- Generated by org.testng.reporters.JUnitReportReporter -->
<testsuite hostname="PeterPC" failures="0" tests="1" name="com.nopCommerce2023.testCases.TC_AddCustomerTest_003" time="12.956" errors="0" timestamp="2023-04-30T21:10:25 EDT" skipped="0">
  <testcase classname="com.nopCommerce2023.testCases.TC_AddCustomerTest_003" name="addNewCustomer" time="12.956"/>
  <system-out/>
</testsuite> <!-- com.nopCommerce2023.testCases.TC_AddCustomerTest_003 -->
