<?xml version="1.0" encoding="UTF-8"?>
<!-- Generated by org.testng.reporters.JUnitReportReporter -->
<testsuite hostname="PeterPC" failures="0" tests="1" name="com.nopCommerce2023.testCases.TC_LoginTest_001" time="3.326" errors="0" timestamp="2023-04-30T22:52:35 EDT" skipped="0">
  <testcase classname="com.nopCommerce2023.testCases.TC_LoginTest_001" name="loginTest" time="3.326"/>
  <system-out/>
</testsuite> <!-- com.nopCommerce2023.testCases.TC_LoginTest_001 -->
